<?xml version="1.0" encoding="UTF-8"?>
<!-- Generated by org.testng.reporters.JUnitXMLReporter -->
<testsuite ignored="0" hostname="QSP" failures="1" tests="4" name="Test" time="0.255" errors="0" timestamp="2021-04-01T09:33:38 IST">
  <testcase classname="demo123.Test2" name="demo" time="0.039"/>
  <testcase classname="demo123.Test1" name="demo" time="0.006"/>
  <testcase classname="demo123.Test0" name="demo" time="0.008"/>
  <testcase classname="demo123.Test3" name="demo" time="0.022">
    <failure type="java.lang.AssertionError" message="expected [selenium] but found [appium]">
      <![CDATA[java.lang.AssertionError: expected [selenium] but found [appium]
at demo123.Test3.demo(Test3.java:11)
at java.base/java.util.ArrayList.forEach(ArrayList.java:1511)
... Removed 32 stack frames]]>
    </failure>
  </testcase> <!-- demo -->
</testsuite> <!-- Test -->
